<?xml version="1.0" encoding="UTF-8"?>
<!-- Generated by org.testng.reporters.JUnitReportReporter -->
<testsuite hostname="Pratik" failures="0" tests="1" name="Eval.crypto" time="4.770" errors="0" timestamp="2024-07-15T16:45:48 IST" skipped="0">
  <testcase classname="Eval.crypto" name="create" time="4.770"/>
  <system-out/>
</testsuite> <!-- Eval.crypto -->
